This is pdfTeX, Version 3.14159265-2.6-1.40.18 (TeX Live 2017) (preloaded format=pdflatex 2018.1.17)  28 JAN 2018 23:35
entering extended mode
 restricted \write18 enabled.
 file:line:error style messages enabled.
 %&-line parsing enabled.
**/media/ziyan/DATA/work/main.tex
(/media/ziyan/DATA/work/main.tex
LaTeX2e <2017-04-15>
Babel <3.16> and hyphenation patterns for 84 language(s) loaded.
(/media/ziyan/DATA/texlive/2017/texmf-dist/tex/latex/elsarticle/elsarticle.cls
Document Class: elsarticle 2009/09/17, 1.2.0: Elsevier Ltd
\@bls=\dimen102
(/media/ziyan/DATA/texlive/2017/texmf-dist/tex/latex/base/article.cls
Document Class: article 2014/09/29 v1.4h Standard LaTeX document class
(/media/ziyan/DATA/texlive/2017/texmf-dist/tex/latex/base/size10.clo
File: size10.clo 2014/09/29 v1.4h Standard LaTeX file (size option)
)
\c@part=\count79
\c@section=\count80
\c@subsection=\count81
\c@subsubsection=\count82
\c@paragraph=\count83
\c@subparagraph=\count84
\c@figure=\count85
\c@table=\count86
\abovecaptionskip=\skip41
\belowcaptionskip=\skip42
\bibindent=\dimen103
)
(/media/ziyan/DATA/texlive/2017/texmf-dist/tex/latex/graphics/graphicx.sty
Package: graphicx 2017/06/01 v1.1a Enhanced LaTeX Graphics (DPC,SPQR)

(/media/ziyan/DATA/texlive/2017/texmf-dist/tex/latex/graphics/keyval.sty
Package: keyval 2014/10/28 v1.15 key=value parser (DPC)
\KV@toks@=\toks14
)
(/media/ziyan/DATA/texlive/2017/texmf-dist/tex/latex/graphics/graphics.sty
Package: graphics 2017/06/25 v1.2c Standard LaTeX Graphics (DPC,SPQR)

(/media/ziyan/DATA/texlive/2017/texmf-dist/tex/latex/graphics/trig.sty
Package: trig 2016/01/03 v1.10 sin cos tan (DPC)
)
(/media/ziyan/DATA/texlive/2017/texmf-dist/tex/latex/graphics-cfg/graphics.cfg
File: graphics.cfg 2016/06/04 v1.11 sample graphics configuration
)
Package graphics Info: Driver file: pdftex.def on input line 99.
(/media/ziyan/DATA/texlive/2017/texmf-dist/tex/latex/graphics-def/pdftex.def
File: pdftex.def 2018/01/08 v1.0l Graphics/color driver for pdftex
))
\Gin@req@height=\dimen104
\Gin@req@width=\dimen105
) (/media/ziyan/DATA/texlive/2017/texmf-dist/tex/latex/psnfss/pifont.sty
Package: pifont 2005/04/12 PSNFSS-v9.2a Pi font support (SPQR) 
LaTeX Font Info:    Try loading font information for U+pzd on input line 63.

(/media/ziyan/DATA/texlive/2017/texmf-dist/tex/latex/psnfss/upzd.fd
File: upzd.fd 2001/06/04 font definitions for U/pzd.
)
LaTeX Font Info:    Try loading font information for U+psy on input line 64.

(/media/ziyan/DATA/texlive/2017/texmf-dist/tex/latex/psnfss/upsy.fd
File: upsy.fd 2001/06/04 font definitions for U/psy.
))
\c@tnote=\count87
\c@fnote=\count88
\c@cnote=\count89
\c@ead=\count90
\c@author=\count91
\@eadauthor=\toks15
\c@affn=\count92
\absbox=\box26
\keybox=\box27
\Columnwidth=\dimen106
\space@left=\dimen107
\els@boxa=\box28
\els@boxb=\box29
\leftMargin=\dimen108
\@enLab=\toks16
\@sep=\skip43
\@@sep=\skip44

(./main.spl)
(/media/ziyan/DATA/texlive/2017/texmf-dist/tex/latex/natbib/natbib.sty
Package: natbib 2010/09/13 8.31b (PWD, AO)
\bibhang=\skip45
\bibsep=\skip46
LaTeX Info: Redefining \cite on input line 694.
\c@NAT@ctr=\count93
)
\splwrite=\write3
\openout3 = `main.spl'.


(/media/ziyan/DATA/texlive/2017/texmf-dist/tex/latex/geometry/geometry.sty
Package: geometry 2010/09/12 v5.6 Page Geometry

(/media/ziyan/DATA/texlive/2017/texmf-dist/tex/generic/oberdiek/ifpdf.sty
Package: ifpdf 2017/03/15 v3.2 Provides the ifpdf switch
)
(/media/ziyan/DATA/texlive/2017/texmf-dist/tex/generic/oberdiek/ifvtex.sty
Package: ifvtex 2016/05/16 v1.6 Detect VTeX and its facilities (HO)
Package ifvtex Info: VTeX not detected.
)
(/media/ziyan/DATA/texlive/2017/texmf-dist/tex/generic/ifxetex/ifxetex.sty
Package: ifxetex 2010/09/12 v0.6 Provides ifxetex conditional
)
\Gm@cnth=\count94
\Gm@cntv=\count95
\c@Gm@tempcnt=\count96
\Gm@bindingoffset=\dimen109
\Gm@wd@mp=\dimen110
\Gm@odd@mp=\dimen111
\Gm@even@mp=\dimen112
\Gm@layoutwidth=\dimen113
\Gm@layoutheight=\dimen114
\Gm@layouthoffset=\dimen115
\Gm@layoutvoffset=\dimen116
\Gm@dimlist=\toks17
)
(/media/ziyan/DATA/texlive/2017/texmf-dist/tex/latex/base/fleqn.clo
File: fleqn.clo 2016/12/29 v1.2a Standard LaTeX option (flush left equations)
\mathindent=\dimen117
Applying: [2015/01/01] Make \[ robust on input line 50.
LaTeX Info: Redefining \[ on input line 51.
Already applied: [0000/00/00] Make \[ robust on input line 62.
Applying: [2015/01/01] Make \] robust on input line 74.
LaTeX Info: Redefining \] on input line 75.
Already applied: [0000/00/00] Make \] robust on input line 83.
))
(/media/ziyan/DATA/texlive/2017/texmf-dist/tex/latex/lineno/lineno.sty
Package: lineno 2005/11/02 line numbers on paragraphs v4.41
\linenopenalty=\count97
\output=\toks18
\linenoprevgraf=\count98
\linenumbersep=\dimen118
\linenumberwidth=\dimen119
\c@linenumber=\count99
\c@pagewiselinenumber=\count100
\c@LN@truepage=\count101
\c@internallinenumber=\count102
\c@internallinenumbers=\count103
\quotelinenumbersep=\dimen120
\bframerule=\dimen121
\bframesep=\dimen122
\bframebox=\box30
LaTeX Info: Redefining \\ on input line 3056.
)
(/media/ziyan/DATA/texlive/2017/texmf-dist/tex/latex/hyperref/hyperref.sty
Package: hyperref 2017/03/14 v6.85a Hypertext links for LaTeX

(/media/ziyan/DATA/texlive/2017/texmf-dist/tex/generic/oberdiek/hobsub-hyperref
.sty
Package: hobsub-hyperref 2016/05/16 v1.14 Bundle oberdiek, subset hyperref (HO)


(/media/ziyan/DATA/texlive/2017/texmf-dist/tex/generic/oberdiek/hobsub-generic.
sty
Package: hobsub-generic 2016/05/16 v1.14 Bundle oberdiek, subset generic (HO)
Package: hobsub 2016/05/16 v1.14 Construct package bundles (HO)
Package: infwarerr 2016/05/16 v1.4 Providing info/warning/error messages (HO)
Package: ltxcmds 2016/05/16 v1.23 LaTeX kernel commands for general use (HO)
Package: ifluatex 2016/05/16 v1.4 Provides the ifluatex switch (HO)
Package ifluatex Info: LuaTeX not detected.
Package hobsub Info: Skipping package `ifvtex' (already loaded).
Package: intcalc 2016/05/16 v1.2 Expandable calculations with integers (HO)
Package hobsub Info: Skipping package `ifpdf' (already loaded).
Package: etexcmds 2016/05/16 v1.6 Avoid name clashes with e-TeX commands (HO)
Package etexcmds Info: Could not find \expanded.
(etexcmds)             That can mean that you are not using pdfTeX 1.50 or
(etexcmds)             that some package has redefined \expanded.
(etexcmds)             In the latter case, load this package earlier.
Package: kvsetkeys 2016/05/16 v1.17 Key value parser (HO)
Package: kvdefinekeys 2016/05/16 v1.4 Define keys (HO)
Package: pdftexcmds 2017/03/19 v0.25 Utility functions of pdfTeX for LuaTeX (HO
)
Package pdftexcmds Info: LuaTeX not detected.
Package pdftexcmds Info: \pdf@primitive is available.
Package pdftexcmds Info: \pdf@ifprimitive is available.
Package pdftexcmds Info: \pdfdraftmode found.
Package: pdfescape 2016/05/16 v1.14 Implements pdfTeX's escape features (HO)
Package: bigintcalc 2016/05/16 v1.4 Expandable calculations on big integers (HO
)
Package: bitset 2016/05/16 v1.2 Handle bit-vector datatype (HO)
Package: uniquecounter 2016/05/16 v1.3 Provide unlimited unique counter (HO)
)
Package hobsub Info: Skipping package `hobsub' (already loaded).
Package: letltxmacro 2016/05/16 v1.5 Let assignment for LaTeX macros (HO)
Package: hopatch 2016/05/16 v1.3 Wrapper for package hooks (HO)
Package: xcolor-patch 2016/05/16 xcolor patch
Package: atveryend 2016/05/16 v1.9 Hooks at the very end of document (HO)
Package atveryend Info: \enddocument detected (standard20110627).
Package: atbegshi 2016/06/09 v1.18 At begin shipout hook (HO)
Package: refcount 2016/05/16 v3.5 Data extraction from label references (HO)
Package: hycolor 2016/05/16 v1.8 Color options for hyperref/bookmark (HO)
) (/media/ziyan/DATA/texlive/2017/texmf-dist/tex/latex/oberdiek/auxhook.sty
Package: auxhook 2016/05/16 v1.4 Hooks for auxiliary files (HO)
) (/media/ziyan/DATA/texlive/2017/texmf-dist/tex/latex/oberdiek/kvoptions.sty
Package: kvoptions 2016/05/16 v3.12 Key value format for package options (HO)
)
\@linkdim=\dimen123
\Hy@linkcounter=\count104
\Hy@pagecounter=\count105

(/media/ziyan/DATA/texlive/2017/texmf-dist/tex/latex/hyperref/pd1enc.def
File: pd1enc.def 2017/03/14 v6.85a Hyperref: PDFDocEncoding definition (HO)
)
\Hy@SavedSpaceFactor=\count106

(/media/ziyan/DATA/texlive/2017/texmf-dist/tex/latex/latexconfig/hyperref.cfg
File: hyperref.cfg 2002/06/06 v1.2 hyperref configuration of TeXLive
)
Package hyperref Info: Hyper figures OFF on input line 4498.
Package hyperref Info: Link nesting OFF on input line 4503.
Package hyperref Info: Hyper index ON on input line 4506.
Package hyperref Info: Plain pages OFF on input line 4513.
Package hyperref Info: Backreferencing OFF on input line 4518.
Package hyperref Info: Implicit mode ON; LaTeX internals redefined.
Package hyperref Info: Bookmarks ON on input line 4751.
\c@Hy@tempcnt=\count107

(/media/ziyan/DATA/texlive/2017/texmf-dist/tex/latex/url/url.sty
\Urlmuskip=\muskip10
Package: url 2013/09/16  ver 3.4  Verb mode for urls, etc.
)
LaTeX Info: Redefining \url on input line 5104.
\XeTeXLinkMargin=\dimen124
\Fld@menulength=\count108
\Field@Width=\dimen125
\Fld@charsize=\dimen126
Package hyperref Info: Hyper figures OFF on input line 6358.
Package hyperref Info: Link nesting OFF on input line 6363.
Package hyperref Info: Hyper index ON on input line 6366.
Package hyperref Info: backreferencing OFF on input line 6373.
Package hyperref Info: Link coloring OFF on input line 6378.
Package hyperref Info: Link coloring with OCG OFF on input line 6383.
Package hyperref Info: PDF/A mode OFF on input line 6388.
LaTeX Info: Redefining \ref on input line 6428.
LaTeX Info: Redefining \pageref on input line 6432.
\Hy@abspage=\count109
\c@Item=\count110
\c@Hfootnote=\count111
)

Package hyperref Message: Driver (autodetected): hpdftex.

(/media/ziyan/DATA/texlive/2017/texmf-dist/tex/latex/hyperref/hpdftex.def
File: hpdftex.def 2017/03/14 v6.85a Hyperref driver for pdfTeX
\Fld@listcount=\count112
\c@bookmark@seq@number=\count113

(/media/ziyan/DATA/texlive/2017/texmf-dist/tex/latex/oberdiek/rerunfilecheck.st
y
Package: rerunfilecheck 2016/05/16 v1.8 Rerun checks for auxiliary files (HO)
Package uniquecounter Info: New unique counter `rerunfilecheck' on input line 2
82.
)
\Hy@SectionHShift=\skip47
) (/media/ziyan/DATA/texlive/2017/texmf-dist/tex/latex/amsmath/amsmath.sty
Package: amsmath 2017/09/02 v2.17a AMS math features
\@mathmargin=\skip48

For additional information on amsmath, use the `?' option.
(/media/ziyan/DATA/texlive/2017/texmf-dist/tex/latex/amsmath/amstext.sty
Package: amstext 2000/06/29 v2.01 AMS text

(/media/ziyan/DATA/texlive/2017/texmf-dist/tex/latex/amsmath/amsgen.sty
File: amsgen.sty 1999/11/30 v2.0 generic functions
\@emptytoks=\toks19
\ex@=\dimen127
))
(/media/ziyan/DATA/texlive/2017/texmf-dist/tex/latex/amsmath/amsbsy.sty
Package: amsbsy 1999/11/29 v1.2d Bold Symbols
\pmbraise@=\dimen128
)
(/media/ziyan/DATA/texlive/2017/texmf-dist/tex/latex/amsmath/amsopn.sty
Package: amsopn 2016/03/08 v2.02 operator names
)
\inf@bad=\count114
LaTeX Info: Redefining \frac on input line 213.
\uproot@=\count115
\leftroot@=\count116
LaTeX Info: Redefining \overline on input line 375.
\classnum@=\count117
\DOTSCASE@=\count118
LaTeX Info: Redefining \ldots on input line 472.
LaTeX Info: Redefining \dots on input line 475.
LaTeX Info: Redefining \cdots on input line 596.
\Mathstrutbox@=\box31
\strutbox@=\box32
\big@size=\dimen129
LaTeX Font Info:    Redeclaring font encoding OML on input line 712.
LaTeX Font Info:    Redeclaring font encoding OMS on input line 713.
\macc@depth=\count119
\c@MaxMatrixCols=\count120
\dotsspace@=\muskip11
\c@parentequation=\count121
\dspbrk@lvl=\count122
\tag@help=\toks20
\row@=\count123
\column@=\count124
\maxfields@=\count125
\andhelp@=\toks21
\eqnshift@=\dimen130
\alignsep@=\dimen131
\tagshift@=\dimen132
\tagwidth@=\dimen133
\totwidth@=\dimen134
\lineht@=\dimen135
\@envbody=\toks22
\multlinegap=\skip49
\multlinetaggap=\skip50
\mathdisplay@stack=\toks23
LaTeX Info: Redefining \[ on input line 2817.
LaTeX Info: Redefining \] on input line 2818.
)
(/media/ziyan/DATA/texlive/2017/texmf-dist/tex/latex/algorithmicx/algpseudocode
.sty
Package: algpseudocode 
 (/media/ziyan/DATA/texlive/2017/texmf-dist/tex/latex/base/ifthen.sty
Package: ifthen 2014/09/29 v1.1c Standard LaTeX ifthen package (DPC)
)
(/media/ziyan/DATA/texlive/2017/texmf-dist/tex/latex/algorithmicx/algorithmicx.
sty
Package: algorithmicx 2005/04/27 v1.2 Algorithmicx

Document Style algorithmicx 1.2 - a greatly improved `algorithmic' style
\c@ALG@line=\count126
\c@ALG@rem=\count127
\c@ALG@nested=\count128
\ALG@tlm=\skip51
\ALG@thistlm=\skip52
\c@ALG@Lnr=\count129
\c@ALG@blocknr=\count130
\c@ALG@storecount=\count131
\c@ALG@tmpcounter=\count132
\ALG@tmplength=\skip53
)
Document Style - pseudocode environments for use with the `algorithmicx' style
) (/media/ziyan/DATA/texlive/2017/texmf-dist/tex/latex/algorithms/algorithm.sty
Package: algorithm 2009/08/24 v0.1 Document Style `algorithm' - floating enviro
nment
(/media/ziyan/DATA/texlive/2017/texmf-dist/tex/latex/float/float.sty
Package: float 2001/11/08 v1.3d Float enhancements (AL)
\c@float@type=\count133
\float@exts=\toks24
\float@box=\box33
\@float@everytoks=\toks25
\@floatcapt=\box34
)
\@float@every@algorithm=\toks26
\c@algorithm=\count134
)
(./main.aux

LaTeX Warning: Label `fig:Correlation_matrix' multiply defined.


LaTeX Warning: Label `my-label' multiply defined.

)
\openout1 = `main.aux'.

LaTeX Font Info:    Checking defaults for OML/cmm/m/it on input line 26.
LaTeX Font Info:    ... okay on input line 26.
LaTeX Font Info:    Checking defaults for T1/cmr/m/n on input line 26.
LaTeX Font Info:    ... okay on input line 26.
LaTeX Font Info:    Checking defaults for OT1/cmr/m/n on input line 26.
LaTeX Font Info:    ... okay on input line 26.
LaTeX Font Info:    Checking defaults for OMS/cmsy/m/n on input line 26.
LaTeX Font Info:    ... okay on input line 26.
LaTeX Font Info:    Checking defaults for OMX/cmex/m/n on input line 26.
LaTeX Font Info:    ... okay on input line 26.
LaTeX Font Info:    Checking defaults for U/cmr/m/n on input line 26.
LaTeX Font Info:    ... okay on input line 26.
LaTeX Font Info:    Checking defaults for PD1/pdf/m/n on input line 26.
LaTeX Font Info:    ... okay on input line 26.

(/media/ziyan/DATA/texlive/2017/texmf-dist/tex/context/base/mkii/supp-pdf.mkii
[Loading MPS to PDF converter (version 2006.09.02).]
\scratchcounter=\count135
\scratchdimen=\dimen136
\scratchbox=\box35
\nofMPsegments=\count136
\nofMParguments=\count137
\everyMPshowfont=\toks27
\MPscratchCnt=\count138
\MPscratchDim=\dimen137
\MPnumerator=\count139
\makeMPintoPDFobject=\count140
\everyMPtoPDFconversion=\toks28
)
(/media/ziyan/DATA/texlive/2017/texmf-dist/tex/latex/oberdiek/epstopdf-base.sty
Package: epstopdf-base 2016/05/15 v2.6 Base part for package epstopdf
(/media/ziyan/DATA/texlive/2017/texmf-dist/tex/latex/oberdiek/grfext.sty
Package: grfext 2016/05/16 v1.2 Manage graphics extensions (HO)
)
Package epstopdf-base Info: Redefining graphics rule for `.eps' on input line 4
38.
Package grfext Info: Graphics extension search list:
(grfext)             [.pdf,.png,.jpg,.mps,.jpeg,.jbig2,.jb2,.PDF,.PNG,.JPG,.JPE
G,.JBIG2,.JB2,.eps]
(grfext)             \AppendGraphicsExtensions on input line 456.

(/media/ziyan/DATA/texlive/2017/texmf-dist/tex/latex/latexconfig/epstopdf-sys.c
fg
File: epstopdf-sys.cfg 2010/07/13 v1.3 Configuration of (r)epstopdf for TeX Liv
e
))
*geometry* driver: auto-detecting
*geometry* detected driver: pdftex
*geometry* verbose mode - [ preamble ] result:
* driver: pdftex
* paper: custom
* layout: <same size as paper>
* layoutoffset:(h,v)=(0.0pt,0.0pt)
* hratio: 1:1
* vratio: 1:1
* modes: 
* h-part:(L,W,R)=(37.75394pt, 522.0pt, 37.75394pt)
* v-part:(T,H,B)=(81.52342pt, 682.0pt, 81.52342pt)
* \paperwidth=597.50787pt
* \paperheight=845.04684pt
* \textwidth=522.0pt
* \textheight=682.0pt
* \oddsidemargin=-34.51605pt
* \evensidemargin=-34.51605pt
* \topmargin=-52.74657pt
* \headheight=50.0pt
* \headsep=12.0pt
* \topskip=10.0pt
* \footskip=18.0pt
* \marginparwidth=65.0pt
* \marginparsep=11.0pt
* \columnsep=18.0pt
* \skip\footins=24.0pt plus 2.0pt minus 12.0pt
* \hoffset=0.0pt
* \voffset=0.0pt
* \mag=1000
* \@twocolumntrue
* \@twosidefalse
* \@mparswitchfalse
* \@reversemarginfalse
* (1in=72.27pt=25.4mm, 1cm=28.453pt)

\AtBeginShipoutBox=\box36
Package hyperref Info: Link coloring OFF on input line 26.
(/media/ziyan/DATA/texlive/2017/texmf-dist/tex/latex/hyperref/nameref.sty
Package: nameref 2016/05/21 v2.44 Cross-referencing by name of section

(/media/ziyan/DATA/texlive/2017/texmf-dist/tex/generic/oberdiek/gettitlestring.
sty
Package: gettitlestring 2016/05/16 v1.5 Cleanup title references (HO)
)
\c@section@level=\count141
)
LaTeX Info: Redefining \ref on input line 26.
LaTeX Info: Redefining \pageref on input line 26.
LaTeX Info: Redefining \nameref on input line 26.
 (./main.out) (./main.out)
\@outlinefile=\write4
\openout4 = `main.out'.


Overfull \hbox (9.18561pt too wide) in paragraph at lines 56--57
\OT1/cmr/m/n/10 tional ap-proaches typ-i-cally use some sim-ple heuris-tics. Th
ese
 []


Overfull \hbox (1.22255pt too wide) in paragraph at lines 58--59
\OT1/cmr/m/n/10 CDNs de-liver cached con-tent to cus-tomers world-wide based
 []


Overfull \hbox (31.7504pt too wide) in paragraph at lines 64--65
[]\OT1/cmr/m/n/10 Cache server groups can be char-ac-terised as multi-dimension
al,
 []

[1{/media/ziyan/DATA/texlive/2017/texmf-var/fonts/map/pdftex/updmap/pdftex.map}


]
LaTeX Font Info:    Try loading font information for OMS+cmr on input line 72.
 (/media/ziyan/DATA/texlive/2017/texmf-dist/tex/latex/base/omscmr.fd
File: omscmr.fd 2014/09/29 v2.5h Standard LaTeX font definitions
)
LaTeX Font Info:    Font shape `OMS/cmr/m/n' in size <10> not available
(Font)              Font shape `OMS/cmsy/m/n' tried instead on input line 72.
<pic/CDN_new.png, id=106, 1061.9675pt x 696.6025pt>
File: pic/CDN_new.png Graphic file (type png)
<use pic/CDN_new.png>
Package pdftex.def Info: pic/CDN_new.png  used on input line 83.
(pdftex.def)             Requested size: 261.0pt x 171.20589pt.

Overfull \hbox (9.0pt too wide) in paragraph at lines 83--84
 [][] 
 []

<pic/cache_group.png, id=108, 1149.29375pt x 704.6325pt>
File: pic/cache_group.png Graphic file (type png)
<use pic/cache_group.png>
Package pdftex.def Info: pic/cache_group.png  used on input line 90.
(pdftex.def)             Requested size: 261.0pt x 160.01923pt.

Overfull \hbox (9.0pt too wide) in paragraph at lines 90--91
 [][] 
 []


LaTeX Warning: `h' float specifier changed to `ht'.

Missing character: There is no ï in font cmr10!
Missing character: There is no ¼ in font cmr10!
Missing character: There is no š in font cmr10!

Overfull \hbox (0.49803pt too wide) in paragraph at lines 97--98
[]\OT1/cmr/m/n/10 A CDN cache server group is the ba-sic re-source schedul-
 []


Overfull \hbox (12.04669pt too wide) in paragraph at lines 97--98
\OT1/cmr/m/n/10 servers. The re-quests from clients are dis-tributed by HAproxy

 []


LaTeX Warning: No positions in optional float specifier.
               Default added (so using `tbp') on input line 103.

[2pdfTeX warning (ext4): destination with the same identifier (name{figure.1}) 
has been already used, duplicate ignored

\AtBegShi@Output ...ipout \box \AtBeginShipoutBox 
                                                  \fi \fi 
l.152 \section{Problem Formulation and Models}
                                              pdfTeX warning (ext4): destinatio
n with the same identifier (name{figure.2}) has been already used, duplicate ig
nored

\AtBegShi@Output ...ipout \box \AtBeginShipoutBox 
                                                  \fi \fi 
l.152 \section{Problem Formulation and Models}
                                               <./pic/CDN_new.png> <./pic/cache
_group.png>]
Overfull \hbox (0.47256pt too wide) in paragraph at lines 167--168
[]\OT1/cmr/m/n/10 There are some con-ven-tional ap-proaches which use data
 []

Missing character: There is no â in font cmr10!
Missing character: There is no ˆ in font cmr10!
Missing character: There is no — in font cmr10!
Missing character: There is no Î in font cmr10!
Missing character: There is no ² in font cmr10!

Overfull \hbox (0.36156pt too wide) in paragraph at lines 170--171
[]\OT1/cmr/m/n/10 Furthermore, the lin-ear part in-cor-po-rates his-tor-i-cal v
al-
 []

[3pdfTeX warning (ext4): destination with the same identifier (name{table.1}) h
as been already used, duplicate ignored

\AtBegShi@Output ...ipout \box \AtBeginShipoutBox 
                                                  \fi \fi 
l.174 
      ]
<pic/mlp.png, id=129, 760.8425pt x 651.43375pt>
File: pic/mlp.png Graphic file (type png)
<use pic/mlp.png>
Package pdftex.def Info: pic/mlp.png  used on input line 186.
(pdftex.def)             Requested size: 261.0pt x 223.47255pt.

Overfull \hbox (9.0pt too wide) in paragraph at lines 186--187
 [][] 
 []


LaTeX Warning: `h' float specifier changed to `ht'.

[4pdfTeX warning (ext4): destination with the same identifier (name{figure.3}) 
has been already used, duplicate ignored

\AtBegShi@Output ...ipout \box \AtBeginShipoutBox 
                                                  \fi \fi 
l.221 
       <./pic/mlp.png>]
<pic/RNN.png, id=145, 1094.0875pt x 610.28pt>
File: pic/RNN.png Graphic file (type png)
<use pic/RNN.png>
Package pdftex.def Info: pic/RNN.png  used on input line 225.
(pdftex.def)             Requested size: 261.0pt x 145.58554pt.

Overfull \hbox (9.0pt too wide) in paragraph at lines 225--226
 [][] 
 []

/media/ziyan/DATA/work/main.tex:234: Undefined control sequence.
l.234 ...thbf W * \mathbf h_{t-1} + \mathbf I * \x
                                                  _t)
The control sequence at the end of the top line
of your error message was never \def'ed. If you have
misspelled it (e.g., `\hobx'), type `I' and the correct
spelling (e.g., `I\hbox'). Otherwise just continue,
and I'll forget about whatever was undefined.


Overfull \hbox (13.05594pt too wide) in paragraph at lines 254--258
[]\OT1/cmr/m/n/10 The fea-ture en-gi-neer-ing is the pro-cess af-ter data-clean
sing,
 []

<pic/feature_engineering.png, id=148, 1296.845pt x 531.9875pt>
File: pic/feature_engineering.png Graphic file (type png)
<use pic/feature_engineering.png>
Package pdftex.def Info: pic/feature_engineering.png  used on input line 263.
(pdftex.def)             Requested size: 261.0pt x 107.06125pt.

Overfull \hbox (9.0pt too wide) in paragraph at lines 263--264
 [][] 
 []

Missing character: There is no â in font cmr10!
Missing character: There is no € in font cmr10!
Missing character: There is no ™ in font cmr10!
Missing character: There is no â in font cmr10!
Missing character: There is no ˆ in font cmr10!
Missing character: There is no ’ in font cmr10!
Missing character: There is no â in font cmr10!
Missing character: There is no € in font cmr10!
Missing character: There is no ™ in font cmr10!
<pic/Correlation_Matrix.png, id=150, 804.00375pt x 807.015pt>
File: pic/Correlation_Matrix.png Graphic file (type png)
<use pic/Correlation_Matrix.png>
Package pdftex.def Info: pic/Correlation_Matrix.png  used on input line 278.
(pdftex.def)             Requested size: 261.0pt x 261.96892pt.

Overfull \hbox (9.0pt too wide) in paragraph at lines 278--279
 [][] 
 []


LaTeX Warning: `h' float specifier changed to `ht'.

[5pdfTeX warning (ext4): destination with the same identifier (name{figure.4}) 
has been already used, duplicate ignored

\AtBegShi@Output ...ipout \box \AtBeginShipoutBox 
                                                  \fi \fi 
l.284 
      pdfTeX warning (ext4): destination with the same identifier (name{figure.
5}) has been already used, duplicate ignored

\AtBegShi@Output ...ipout \box \AtBeginShipoutBox 
                                                  \fi \fi 
l.284 
       <./pic/RNN.png> <./pic/feature_engineering.png>]
Package hyperref Info: bookmark level for unknown algorithm defaults to 0 on in
put line 286.
Missing character: There is no ï in font cmr10!
Missing character: There is no ¼ in font cmr10!
Missing character: There is no š in font cmr10!
LaTeX Font Info:    Try loading font information for OML+cmr on input line 296.


(/media/ziyan/DATA/texlive/2017/texmf-dist/tex/latex/base/omlcmr.fd
File: omlcmr.fd 2014/09/29 v2.5h Standard LaTeX font definitions
)
LaTeX Font Info:    Font shape `OML/cmr/m/n' in size <10> not available
(Font)              Font shape `OML/cmm/m/it' tried instead on input line 296.
Missing character: There is no ã in font cmr10!
Missing character: There is no € in font cmr10!
Missing character: There is no € in font cmr10!
Missing character: There is no ã in font cmr10!
Missing character: There is no € in font cmr10!
Missing character: There is no € in font cmr10!
Missing character: There is no ã in font cmr10!
Missing character: There is no € in font cmr10!
Missing character: There is no € in font cmr10!
Missing character: There is no ã in font cmr10!
Missing character: There is no € in font cmr10!
Missing character: There is no € in font cmr10!
Missing character: There is no ã in font cmr10!
Missing character: There is no € in font cmr10!
Missing character: There is no € in font cmr10!
Missing character: There is no ã in font cmr10!
Missing character: There is no € in font cmr10!
Missing character: There is no € in font cmr10!
Missing character: There is no ã in font cmr10!
Missing character: There is no € in font cmr10!
Missing character: There is no € in font cmr10!
Missing character: There is no ã in font cmr10!
Missing character: There is no € in font cmr10!
Missing character: There is no € in font cmr10!
Missing character: There is no ã in font cmr10!
Missing character: There is no € in font cmr10!
Missing character: There is no € in font cmr10!
Missing character: There is no ã in font cmr10!
Missing character: There is no € in font cmr10!
Missing character: There is no € in font cmr10!
Missing character: There is no ï in font cmr10!
Missing character: There is no ¼ in font cmr10!
Missing character: There is no š in font cmr10!
Missing character: There is no ã in font cmr10!
Missing character: There is no € in font cmr10!
Missing character: There is no € in font cmr10!
Missing character: There is no ã in font cmr10!
Missing character: There is no € in font cmr10!
Missing character: There is no € in font cmr10!
Missing character: There is no ã in font cmr10!
Missing character: There is no € in font cmr10!
Missing character: There is no € in font cmr10!
Missing character: There is no ã in font cmr10!
Missing character: There is no € in font cmr10!
Missing character: There is no € in font cmr10!

/media/ziyan/DATA/work/main.tex:341: Undefined control sequence.
<argument> ... \mathbf h_{t-1} + \mathbf I_u * \x 
                                                  _t) \\ & \mathbf g_f = \si...
l.341 	\end{split}
                  
The control sequence at the end of the top line
of your error message was never \def'ed. If you have
misspelled it (e.g., `\hobx'), type `I' and the correct
spelling (e.g., `I\hbox'). Otherwise just continue,
and I'll forget about whatever was undefined.

/media/ziyan/DATA/work/main.tex:341: Undefined control sequence.
<argument> ... \mathbf h_{t-1} + \mathbf I_f * \x 
                                                  _t) \\ & \mathbf g_o = \si...
l.341 	\end{split}
                  
The control sequence at the end of the top line
of your error message was never \def'ed. If you have
misspelled it (e.g., `\hobx'), type `I' and the correct
spelling (e.g., `I\hbox'). Otherwise just continue,
and I'll forget about whatever was undefined.

/media/ziyan/DATA/work/main.tex:341: Undefined control sequence.
<argument> ... \mathbf h_{t-1} + \mathbf I_o * \x 
                                                  _t) \\ & \mathbf g_c = \ta...
l.341 	\end{split}
                  
The control sequence at the end of the top line
of your error message was never \def'ed. If you have
misspelled it (e.g., `\hobx'), type `I' and the correct
spelling (e.g., `I\hbox'). Otherwise just continue,
and I'll forget about whatever was undefined.

/media/ziyan/DATA/work/main.tex:341: Undefined control sequence.
<argument> ... \mathbf h_{t-1} + \mathbf I_c * \x 
                                                  _t) \\ & \mathbf m_t = \ma...
l.341 	\end{split}
                  
The control sequence at the end of the top line
of your error message was never \def'ed. If you have
misspelled it (e.g., `\hobx'), type `I' and the correct
spelling (e.g., `I\hbox'). Otherwise just continue,
and I'll forget about whatever was undefined.

/media/ziyan/DATA/work/main.tex:341: Undefined control sequence.
<argument> ... \mathbf h_{t-1} + \mathbf I_u * \x 
                                                  _t) \\ & \mathbf g_f = \si...
l.341 	\end{split}
                  
The control sequence at the end of the top line
of your error message was never \def'ed. If you have
misspelled it (e.g., `\hobx'), type `I' and the correct
spelling (e.g., `I\hbox'). Otherwise just continue,
and I'll forget about whatever was undefined.

/media/ziyan/DATA/work/main.tex:341: Undefined control sequence.
<argument> ... \mathbf h_{t-1} + \mathbf I_f * \x 
                                                  _t) \\ & \mathbf g_o = \si...
l.341 	\end{split}
                  
The control sequence at the end of the top line
of your error message was never \def'ed. If you have
misspelled it (e.g., `\hobx'), type `I' and the correct
spelling (e.g., `I\hbox'). Otherwise just continue,
and I'll forget about whatever was undefined.

/media/ziyan/DATA/work/main.tex:341: Undefined control sequence.
<argument> ... \mathbf h_{t-1} + \mathbf I_o * \x 
                                                  _t) \\ & \mathbf g_c = \ta...
l.341 	\end{split}
                  
The control sequence at the end of the top line
of your error message was never \def'ed. If you have
misspelled it (e.g., `\hobx'), type `I' and the correct
spelling (e.g., `I\hbox'). Otherwise just continue,
and I'll forget about whatever was undefined.

/media/ziyan/DATA/work/main.tex:341: Undefined control sequence.
<argument> ... \mathbf h_{t-1} + \mathbf I_c * \x 
                                                  _t) \\ & \mathbf m_t = \ma...
l.341 	\end{split}
                  
The control sequence at the end of the top line
of your error message was never \def'ed. If you have
misspelled it (e.g., `\hobx'), type `I' and the correct
spelling (e.g., `I\hbox'). Otherwise just continue,
and I'll forget about whatever was undefined.


Overfull \hbox (6.25592pt too wide) in paragraph at lines 344--345
[]\OT1/cmr/m/n/10 here $\OML/cmm/m/it/10 ^^[$ \OT1/cmr/m/n/10 is the lo-gis-tic
 sig-moid func-tion, $\OT1/cmr/bx/n/10 W[]\OML/cmm/m/it/10 ; \OT1/cmr/bx/n/10 W
[]\OML/cmm/m/it/10 ; \OT1/cmr/bx/n/10 W[]\OML/cmm/m/it/10 ; \OT1/cmr/bx/n/10 W[
]$
 []

<pic/auto_encoder.png, id=166, 1272.755pt x 571.13374pt>
File: pic/auto_encoder.png Graphic file (type png)
<use pic/auto_encoder.png>
Package pdftex.def Info: pic/auto_encoder.png  used on input line 350.
(pdftex.def)             Requested size: 261.0pt x 117.11803pt.

Overfull \hbox (9.0pt too wide) in paragraph at lines 350--351
 [][] 
 []


LaTeX Warning: `h' float specifier changed to `ht'.

<pic/our_models.png, id=167, 1254.6875pt x 710.655pt>
File: pic/our_models.png Graphic file (type png)
<use pic/our_models.png>
Package pdftex.def Info: pic/our_models.png  used on input line 361.
(pdftex.def)             Requested size: 417.6016pt x 236.5338pt.

LaTeX Warning: `h' float specifier changed to `ht'.


Overfull \hbox (2.94379pt too wide) in paragraph at lines 366--367
\OT1/cmr/m/n/10 ing, only the the weights of LSTM auto-encoder are trained.
 []

[6pdfTeX warning (ext4): destination with the same identifier (name{figure.6}) 
has been already used, duplicate ignored

\AtBegShi@Output ...ipout \box \AtBeginShipoutBox 
                                                  \fi \fi 
l.367 \section{Evaluation}
                           <./pic/Correlation_Matrix.png>]
Overfull \hbox (10.77817pt too wide) in paragraph at lines 375--376
[]\OT1/cmr/m/n/10 In the pre-training pro-ce-dure We use mini-batch stochcasti
 []


Overfull \hbox (0.63928pt too wide) in paragraph at lines 378--380
[]\OT1/cmr/m/n/10 We com-pare our model with other base-line model which
 []

/media/ziyan/DATA/work/main.tex:388: Missing { inserted.
<to be read again> 
                   ^
l.388 ...dent measure. Specifically, assuming $y^'
                                                  $ is the target at time t ...
A left brace was mandatory here, so I've put one in.
You might want to delete and/or insert some corrections
so that I will find a matching right brace soon.
(If you're confused by all this, try typing `I}' now.)

/media/ziyan/DATA/work/main.tex:388: Missing } inserted.
<inserted text> 
                }
l.388 ...ent measure. Specifically, assuming $y^'$
                                                   is the target at time t a...
I've inserted something that you may have forgotten.
(See the <inserted text> above.)
With luck, this will get me unwedged. But if you
really didn't forget anything, try typing `2' now; then
my insertion and my current dilemma will both disappear.

/media/ziyan/DATA/work/main.tex:400: Missing { inserted.
<to be read again> 
                   ^
l.400 ...}\times\left| \frac{y^{'}{_t}-y_t}{y^'_t}
                                                   \right|
A left brace was mandatory here, so I've put one in.
You might want to delete and/or insert some corrections
so that I will find a matching right brace soon.
(If you're confused by all this, try typing `I}' now.)

/media/ziyan/DATA/work/main.tex:400: Missing } inserted.
<inserted text> 
                }
l.400 ...\left| \frac{y^{'}{_t}-y_t}{y^'_t} \right
                                                  |
I've inserted something that you may have forgotten.
(See the <inserted text> above.)
With luck, this will get me unwedged. But if you
really didn't forget anything, try typing `2' now; then
my insertion and my current dilemma will both disappear.


LaTeX Warning: No positions in optional float specifier.
               Default added (so using `tbp') on input line 403.

<pic/lstm_auto_encoder_result.png, id=180, 1174.3875pt x 224.84pt>
File: pic/lstm_auto_encoder_result.png Graphic file (type png)
<use pic/lstm_auto_encoder_result.png>
Package pdftex.def Info: pic/lstm_auto_encoder_result.png  used on input line 4
37.
(pdftex.def)             Requested size: 417.6016pt x 79.95084pt.

LaTeX Warning: `h' float specifier changed to `ht'.

<pic/result.png, id=181, 1169.36874pt x 616.3025pt>
File: pic/result.png Graphic file (type png)
<use pic/result.png>
Package pdftex.def Info: pic/result.png  used on input line 444.
(pdftex.def)             Requested size: 417.6016pt x 220.09137pt.

LaTeX Warning: `h' float specifier changed to `ht'.

Missing character: There is no â in font cmr10!
Missing character: There is no € in font cmr10!
Missing character: There is no ™ in font cmr10!
[7pdfTeX warning (ext4): destination with the same identifier (name{figure.7}) 
has been already used, duplicate ignored

\AtBegShi@Output ...ipout \box \AtBeginShipoutBox 
                                                  \fi \fi 
l.455 
       <./pic/auto_encoder.png>] [8pdfTeX warning (ext4): destination with the 
same identifier (name{figure.8}) has been already used, duplicate ignored

\AtBegShi@Output ...ipout \box \AtBeginShipoutBox 
                                                  \fi \fi 
l.463 
      pdfTeX warning (ext4): destination with the same identifier (name{table.2
}) has been already used, duplicate ignored

\AtBegShi@Output ...ipout \box \AtBeginShipoutBox 
                                                  \fi \fi 
l.463 
       <./pic/our_models.png>]
/media/ziyan/DATA/work/main.tex:465: Misplaced alignment tab character &.
l.465 ...sed on Cloud-Fog Hybrid Computing Model &
                                                   Grant No. 61572137-Multip...
I can't figure out why you would want to use a tab mark
here. If you just want an ampersand, the remedy is
simple: Just type `I\&' now. But if some right brace
up above has ended a previous alignment prematurely,
you're probably due for more error messages, and you
might try typing `S' now just to see what is salvageable.


Overfull \hbox (0.23662pt too wide) in paragraph at lines 465--466
\OT1/cmr/m/n/10 ral Sci-ence Foun-da-tion of China un-der Grant No.61728202-
 []


Overfull \hbox (2.04218pt too wide) in paragraph at lines 465--466
\OT1/cmr/m/n/10 2016 In-no-va-tion Ac-tion Project un-der Grant 16DZ1100200-
 []

(./main.bbl
Underfull \hbox (badness 1552) in paragraph at lines 26--33
\OT1/cmr/m/n/8 Pad-man-ab-han, V. Sekar, E. Do-minique, M. Goliszewski,
 []


Underfull \hbox (badness 1622) in paragraph at lines 35--39
[]\OT1/cmr/m/n/8 J. Gao, []Ma-chine Learn-ing Ap-pli-ca-tions for Data Cen-ter
 []


Underfull \hbox (badness 10000) in paragraph at lines 35--39
\OT1/cmr/m/n/8 URL []$\OT1/cmtt/m/n/8 https : / / static . googleusercontent . 
com / media /
 []


Underfull \hbox (badness 1028) in paragraph at lines 41--46
[]\OT1/cmr/m/n/8 Y. Le-cun, Y. Ben-gio, G. Hin-ton, Deep learn-ing, Na-ture
 []

Missing character: There is no â in font cmr8!
Missing character: There is no € in font cmr8!
Missing character: There is no “ in font cmr8!
[9pdfTeX warning (ext4): destination with the same identifier (name{figure.9}) 
has been already used, duplicate ignored

\AtBegShi@Output ...ipout \box \AtBeginShipoutBox 
                                                  \fi \fi 
l.69 
     pdfTeX warning (ext4): destination with the same identifier (name{figure.1
0}) has been already used, duplicate ignored

\AtBegShi@Output ...ipout \box \AtBeginShipoutBox 
                                                  \fi \fi 
l.69 
      <./pic/lstm_auto_encoder_result.png> <./pic/result.png>]
Underfull \hbox (badness 10000) in paragraph at lines 77--81
\OT1/cmr/m/n/8 URL []$\OT1/cmtt/m/n/8 https : / / www . researchgate . net / pr
ofile /
 []


Underfull \hbox (badness 10000) in paragraph at lines 77--81
\OT1/cmtt/m/n/8 Pankaj _ Malhotra3 / publication / 304782562 _ Long _
 []


Underfull \hbox (badness 10000) in paragraph at lines 77--81
\OT1/cmtt/m/n/8 Short _ Term _ Memory _ Networks _ for _ Anomaly _ Detection _
 []


Underfull \hbox (badness 10000) in paragraph at lines 77--81
\OT1/cmtt/m/n/8 in _ Time _ Series / links / 5880506308ae71eb5dbfbd10 /
 []


Overfull \hbox (64.47662pt too wide) in paragraph at lines 77--81
\OT1/cmtt/m/n/8 Long-[]Short-[]Term-[]Memory-[]Networks-[]for-[]Anomaly-[]Detec
tion-[]in-[]Time-[]Series .
 []


Underfull \hbox (badness 1552) in paragraph at lines 87--94
[]\OT1/cmr/m/n/8 J. Schmid-hu-ber, []A lo-cal learn-ing al-go-rithm for dy-nami
c
 []


Underfull \hbox (badness 10000) in paragraph at lines 87--94
\OT1/cmr/m/n/8 URL []$\OT1/cmtt/m/n/8 http : / / citeseerx . ist . psu . edu / 
viewdoc / download ;
 []


Underfull \hbox (badness 10000) in paragraph at lines 87--94
\OT1/cmtt/m/n/8 jsessionid = B1927E88DDAA6F03912D61DD23B7DABE ? doi =
 []


Underfull \hbox (badness 10000) in paragraph at lines 87--94
\OT1/cmtt/m/n/8 10 . 1 . 1 . 51 . 8813{&}rep = rep1{&}type = pdf{%}0Ahttp :
 []


Underfull \hbox (badness 10000) in paragraph at lines 87--94
\OT1/cmtt/m/n/8 / / www . tandfonline . com / doi / abs / 10 . 1080 /
 []


Underfull \hbox (badness 10000) in paragraph at lines 87--94
\OT1/cmtt/m/n/8 09540098908915650{%}5Cnhttps : / / www . tandfonline . com /
 []


Underfull \hbox (badness 10000) in paragraph at lines 122--130
\OT1/cmr/m/n/8 URL []$\OT1/cmtt/m/n/8 http : / / dl . acm . org / citation . cf
m ? doid = 3127479 .
 []

)
Package atveryend Info: Empty hook `BeforeClearDocument' on input line 471.
 [10
/media/ziyan/DATA/work/main.tex:471: pdfTeX error (ext4): \pdfendlink ended up 
in different nesting level than \pdfstartlink.
\AtBegShi@Output ...ipout \box \AtBeginShipoutBox 
                                                  \fi \fi 
l.471 \end{document}
                    

 
Here is how much of TeX's memory you used:
 7731 strings out of 492980
 113047 string characters out of 6129239
 225695 words of memory out of 5000000
 11108 multiletter control sequences out of 15000+600000
 10237 words of font info for 37 fonts, out of 8000000 for 9000
 1141 hyphenation exceptions out of 8191
 32i,17n,30p,1391b,504s stack positions out of 5000i,500n,10000p,200000b,80000s
/media/ziyan/DATA/work/main.tex:471:  ==> Fatal error occurred, no output PDF f
ile produced!
