\BOOKMARK [1][-]{section.1}{Introduction}{}% 1
\BOOKMARK [1][-]{section.2}{Background}{}% 2
\BOOKMARK [1][-]{section.3}{Problem formulation and Model}{}% 3
\BOOKMARK [2][-]{subsection.3.1}{deep learning in sequence learning}{section.3}% 4
\BOOKMARK [3][-]{subsubsection.3.1.1}{Basic feed forward neural network}{subsection.3.1}% 5
\BOOKMARK [3][-]{subsubsection.3.1.2}{RNN}{subsection.3.1}% 6
\BOOKMARK [3][-]{subsubsection.3.1.3}{LSTM}{subsection.3.1}% 7
\BOOKMARK [3][-]{subsubsection.3.1.4}{RNN encoder-decoder}{subsection.3.1}% 8
\BOOKMARK [2][-]{subsection.3.2}{lstm auto-encoder}{section.3}% 9
\BOOKMARK [1][-]{section.4}{Methods}{}% 10
\BOOKMARK [2][-]{subsection.4.1}{Feature Engineering}{section.4}% 11
\BOOKMARK [3][-]{subsubsection.4.1.1}{Factors analysis}{subsection.4.1}% 12
\BOOKMARK [2][-]{subsection.4.2}{Prediction Model Design}{section.4}% 13
\BOOKMARK [1][-]{section.5}{Evaluation}{}% 14
\BOOKMARK [2][-]{subsection.5.1}{Experimental Settings}{section.5}% 15
\BOOKMARK [2][-]{subsection.5.2}{Baseline}{section.5}% 16
\BOOKMARK [2][-]{subsection.5.3}{Performance}{section.5}% 17
\BOOKMARK [1][-]{section.6}{Discussion and Future Work}{}% 18
\BOOKMARK [1][-]{section.7}{Related Work}{}% 19
\BOOKMARK [1][-]{section.8}{Conclusion}{}% 20
